<?xml version="1.0" encoding="UTF-8"?>
<!-- Generated by org.testng.reporters.JUnitReportReporter -->
<testsuite hostname="Mypc" name="testNG.Org_UserReg_TestNG" tests="1" failures="0" timestamp="17 May 2019 02:06:27 GMT" time="27.622" errors="0">
  <testcase name="Org_UserReg" time="27.622" classname="testNG.Org_UserReg_TestNG"/>
</testsuite> <!-- testNG.Org_UserReg_TestNG -->
