<?xml version="1.0" encoding="UTF-8"?>
<!-- Generated by org.testng.reporters.JUnitReportReporter -->
<testsuite hostname="Mypc" name="testNG.EmpReg_TestNG" tests="4" failures="0" timestamp="17 May 2019 02:19:06 GMT" time="55.037" errors="0">
  <testcase name="Org_Empreg" time="13.459" classname="testNG.EmpReg_TestNG"/>
  <testcase name="Org_Empreg" time="16.934" classname="testNG.EmpReg_TestNG"/>
  <testcase name="Org_Empreg" time="12.945" classname="testNG.EmpReg_TestNG"/>
  <testcase name="Org_Empreg" time="11.699" classname="testNG.EmpReg_TestNG"/>
</testsuite> <!-- testNG.EmpReg_TestNG -->
