<?xml version="1.0" encoding="UTF-8"?>
<!-- Generated by org.testng.reporters.JUnitReportReporter -->
<testsuite hostname="Mypc" name="pom.LoginTC_POM" tests="1" failures="0" timestamp="21 May 2019 02:05:04 GMT" time="20.853" errors="0">
  <testcase name="login" time="20.853" classname="pom.LoginTC_POM"/>
</testsuite> <!-- pom.LoginTC_POM -->
